Arguments: 
  D:\Program Files\nodejs\node.exe C:\usr\local\node_modules\yarn\bin\yarn.js

PATH: 
  C:\ProgramData\Oracle\Java\javapath;C:\Windows\System32;D:\Program Files\nodejs\;C:\Program Files\nodejs\node_modules\npm\bin;C:\Program Files\nodejs\node_modules;D:\Program Files\Git\bin;C:\Users\qucks\AppData\Roaming\npm\node_modules;C:\usr\local\node_modules;C:\Users\qucks\AppData\Roaming\npm;D:\Program Files (x86)\QuickTime\QTSystem\;C:\Users\qucks\AppData\Roaming\npm;C:\usr\local;C:\usr\local\node_modules;D:\Documents\GitHub\WebDevelopment\stylistApp\node_modules\.bin;C:\Program Files\nodejs\node_modules\npm\bin, C:\Program Files\nodejs\node_modules, D:\Program Files\Git\bin,  C:\Users\qucks\AppData\Roaming\npm\node_modules, C:\usr\local\node_modules, C:\Users\qucks\AppData\Roaming\npm, C:\usr\local, C:\usr\local\node_modules, D:\Documents\GitHub\WebDevelopment\stylistApp\node_modules\.bin;C:\Users\qucks\AppData\Local\atom\bin

Yarn version: 
  0.20.3

Node version: 
  7.4.0

Platform: 
  win32 x64

npm manifest: 
  {
    "name": "ionic-project",
    "version": "1.1.1",
    "description": "An Ionic project",
    "dependencies": {
      "gulp": "^3.5.6",
      "gulp-sass": "^2.0.4",
      "gulp-concat": "^2.2.0",
      "gulp-minify-css": "^0.3.0",
      "gulp-rename": "^1.2.0"
    },
    "devDependencies": {
      "bower": "^1.3.3",
      "gulp-util": "^2.2.14",
      "shelljs": "^0.3.0"
    },
    "cordovaPlugins": [
      "cordova-plugin-device",
      "cordova-plugin-console",
      "cordova-plugin-whitelist",
      "cordova-plugin-splashscreen",
      "cordova-plugin-statusbar",
      "ionic-plugin-keyboard"
    ],
    "cordovaPlatforms": []
  }

yarn manifest: 
  No manifest

Lockfile: 
  No lockfile

Trace: 
  Error: connect ETIMEDOUT 104.16.63.173:443
      at Object.exports._errnoException (util.js:1022:11)
      at exports._exceptionWithHostPort (util.js:1045:20)
      at TCPConnectWrap.afterConnect [as oncomplete] (net.js:1090:14)
